[ 2016-02-17T08:11:25+08:00 ] ::1 /shy/Uploads/2016-02-15/56c18c91c3594.jpg
INFO: [ app_init ] --START--
INFO: Run Behavior\BuildLiteBehavior [ RunTime:0.000000s ]
INFO: [ app_init ] --END-- [ RunTime:0.001000s ]
ERR: 无法加载模块:Uploads

[ 2016-02-17T08:11:25+08:00 ] ::1 /shy/Uploads/2016-02-15/56c18ddf67156.jpg
INFO: [ app_init ] --START--
INFO: Run Behavior\BuildLiteBehavior [ RunTime:0.000000s ]
INFO: [ app_init ] --END-- [ RunTime:0.002000s ]
ERR: 无法加载模块:Uploads

[ 2016-02-17T08:11:25+08:00 ] ::1 /shy/Uploads/2016-02-15/56c17d62be62f.jpg
INFO: [ app_init ] --START--
INFO: Run Behavior\BuildLiteBehavior [ RunTime:0.000000s ]
INFO: [ app_init ] --END-- [ RunTime:0.002000s ]
ERR: 无法加载模块:Uploads

[ 2016-02-17T08:11:25+08:00 ] ::1 /shy/Uploads/2016-02-15/56c18d2337c72.jpg
INFO: [ app_init ] --START--
INFO: Run Behavior\BuildLiteBehavior [ RunTime:0.000000s ]
INFO: [ app_init ] --END-- [ RunTime:0.002000s ]
ERR: 无法加载模块:Uploads

[ 2016-02-17T08:11:25+08:00 ] ::1 /shy/Uploads/2016-02-15/56c18d58cc79c.jpg
INFO: [ app_init ] --START--
INFO: Run Behavior\BuildLiteBehavior [ RunTime:0.000000s ]
INFO: [ app_init ] --END-- [ RunTime:0.001000s ]
ERR: 无法加载模块:Uploads

[ 2016-02-17T08:11:25+08:00 ] ::1 /shy/Uploads/2016-02-15/56c18dbcf00dc.jpg
INFO: [ app_init ] --START--
INFO: Run Behavior\BuildLiteBehavior [ RunTime:0.000000s ]
INFO: [ app_init ] --END-- [ RunTime:0.001001s ]
ERR: 无法加载模块:Uploads

[ 2016-02-17T08:11:25+08:00 ] ::1 /shy/Uploads/2016-02-15/56c18d6c9e9c1.jpg
INFO: [ app_init ] --START--
INFO: Run Behavior\BuildLiteBehavior [ RunTime:0.000000s ]
INFO: [ app_init ] --END-- [ RunTime:0.001001s ]
ERR: 无法加载模块:Uploads

[ 2016-02-17T08:11:25+08:00 ] ::1 /shy/Uploads/2016-02-15/56c18d973195b.jpg
INFO: [ app_init ] --START--
INFO: Run Behavior\BuildLiteBehavior [ RunTime:0.000000s ]
INFO: [ app_init ] --END-- [ RunTime:0.001000s ]
ERR: 无法加载模块:Uploads

[ 2016-02-17T08:11:25+08:00 ] ::1 /shy/Uploads/2016-02-15/56c18d819a051.jpg
INFO: [ app_init ] --START--
INFO: Run Behavior\BuildLiteBehavior [ RunTime:0.000000s ]
INFO: [ app_init ] --END-- [ RunTime:0.001000s ]
ERR: 无法加载模块:Uploads

[ 2016-02-17T08:11:25+08:00 ] ::1 /shy/Uploads/2016-02-15/56c18dc842df2.jpg
INFO: [ app_init ] --START--
INFO: Run Behavior\BuildLiteBehavior [ RunTime:0.000000s ]
INFO: [ app_init ] --END-- [ RunTime:0.001000s ]
ERR: 无法加载模块:Uploads

[ 2016-02-17T08:11:25+08:00 ] ::1 /shy/Uploads/2016-02-15/56c18d8d81c5a.jpg
INFO: [ app_init ] --START--
INFO: Run Behavior\BuildLiteBehavior [ RunTime:0.000000s ]
INFO: [ app_init ] --END-- [ RunTime:0.001000s ]
ERR: 无法加载模块:Uploads

[ 2016-02-17T08:11:25+08:00 ] ::1 /shy/Uploads/2016-02-15/56c18d4b087b7.jpg
INFO: [ app_init ] --START--
INFO: Run Behavior\BuildLiteBehavior [ RunTime:0.000000s ]
INFO: [ app_init ] --END-- [ RunTime:0.002000s ]
ERR: 无法加载模块:Uploads

[ 2016-02-17T08:11:25+08:00 ] ::1 /shy/Uploads/2016-02-15/56c18d632a82b.jpg
INFO: [ app_init ] --START--
INFO: Run Behavior\BuildLiteBehavior [ RunTime:0.000000s ]
INFO: [ app_init ] --END-- [ RunTime:0.003000s ]
ERR: 无法加载模块:Uploads

[ 2016-02-17T08:11:25+08:00 ] ::1 /shy/Uploads/2016-02-15/56c18d76027d9.jpg
INFO: [ app_init ] --START--
INFO: Run Behavior\BuildLiteBehavior [ RunTime:0.000000s ]
INFO: [ app_init ] --END-- [ RunTime:0.005000s ]
ERR: 无法加载模块:Uploads

[ 2016-02-17T08:12:30+08:00 ] ::1 /shy/Admin/Home/view/Public/img/uploadify-cancel.png
INFO: [ app_init ] --START--
INFO: Run Behavior\BuildLiteBehavior [ RunTime:0.000000s ]
INFO: [ app_init ] --END-- [ RunTime:0.001000s ]
ERR: 无法加载模块:Admin

[ 2016-02-17T08:12:49+08:00 ] ::1 /shy/Uploads/2016-02-15/56c18d632a82b.jpg
INFO: [ app_init ] --START--
INFO: Run Behavior\BuildLiteBehavior [ RunTime:0.000000s ]
INFO: [ app_init ] --END-- [ RunTime:0.001000s ]
ERR: 无法加载模块:Uploads

[ 2016-02-17T08:12:49+08:00 ] ::1 /shy/Uploads/2016-02-15/56c18ddf67156.jpg
INFO: [ app_init ] --START--
INFO: Run Behavior\BuildLiteBehavior [ RunTime:0.000000s ]
INFO: [ app_init ] --END-- [ RunTime:0.001000s ]
ERR: 无法加载模块:Uploads

[ 2016-02-17T08:12:49+08:00 ] ::1 /shy/Uploads/2016-02-15/56c18d76027d9.jpg
INFO: [ app_init ] --START--
INFO: Run Behavior\BuildLiteBehavior [ RunTime:0.000000s ]
INFO: [ app_init ] --END-- [ RunTime:0.001000s ]
ERR: 无法加载模块:Uploads

[ 2016-02-17T08:12:49+08:00 ] ::1 /shy/Uploads/2016-02-15/56c17d62be62f.jpg
INFO: [ app_init ] --START--
INFO: Run Behavior\BuildLiteBehavior [ RunTime:0.000000s ]
INFO: [ app_init ] --END-- [ RunTime:0.001000s ]
ERR: 无法加载模块:Uploads

[ 2016-02-17T08:12:49+08:00 ] ::1 /shy/Uploads/2016-02-15/56c18d4b087b7.jpg
INFO: [ app_init ] --START--
INFO: Run Behavior\BuildLiteBehavior [ RunTime:0.000000s ]
INFO: [ app_init ] --END-- [ RunTime:0.002001s ]
ERR: 无法加载模块:Uploads

[ 2016-02-17T08:12:49+08:00 ] ::1 /shy/Uploads/2016-02-15/56c18dbcf00dc.jpg
INFO: [ app_init ] --START--
INFO: Run Behavior\BuildLiteBehavior [ RunTime:0.000000s ]
INFO: [ app_init ] --END-- [ RunTime:0.001000s ]
ERR: 无法加载模块:Uploads

[ 2016-02-17T08:12:49+08:00 ] ::1 /shy/Uploads/2016-02-15/56c18d58cc79c.jpg
INFO: [ app_init ] --START--
INFO: Run Behavior\BuildLiteBehavior [ RunTime:0.000000s ]
INFO: [ app_init ] --END-- [ RunTime:0.004000s ]
ERR: 无法加载模块:Uploads

[ 2016-02-17T08:12:49+08:00 ] ::1 /shy/Uploads/2016-02-15/56c18d973195b.jpg
INFO: [ app_init ] --START--
INFO: Run Behavior\BuildLiteBehavior [ RunTime:0.000000s ]
INFO: [ app_init ] --END-- [ RunTime:0.002000s ]
ERR: 无法加载模块:Uploads

[ 2016-02-17T08:12:49+08:00 ] ::1 /shy/Uploads/2016-02-15/56c18d819a051.jpg
INFO: [ app_init ] --START--
INFO: Run Behavior\BuildLiteBehavior [ RunTime:0.000000s ]
INFO: [ app_init ] --END-- [ RunTime:0.001000s ]
ERR: 无法加载模块:Uploads

[ 2016-02-17T08:12:49+08:00 ] ::1 /shy/Uploads/2016-02-15/56c18dc842df2.jpg
INFO: [ app_init ] --START--
INFO: Run Behavior\BuildLiteBehavior [ RunTime:0.000000s ]
INFO: [ app_init ] --END-- [ RunTime:0.001001s ]
ERR: 无法加载模块:Uploads

[ 2016-02-17T08:12:49+08:00 ] ::1 /shy/Uploads/2016-02-15/56c18d6c9e9c1.jpg
INFO: [ app_init ] --START--
INFO: Run Behavior\BuildLiteBehavior [ RunTime:0.000000s ]
INFO: [ app_init ] --END-- [ RunTime:0.001000s ]
ERR: 无法加载模块:Uploads

[ 2016-02-17T08:12:49+08:00 ] ::1 /shy/Uploads/2016-02-15/56c18d8d81c5a.jpg
INFO: [ app_init ] --START--
INFO: Run Behavior\BuildLiteBehavior [ RunTime:0.000000s ]
INFO: [ app_init ] --END-- [ RunTime:0.003000s ]
ERR: 无法加载模块:Uploads

[ 2016-02-17T08:13:54+08:00 ] ::1 /shy/Uploads/2016-02-15/56c18d8d81c5a.jpg
INFO: [ app_init ] --START--
INFO: Run Behavior\BuildLiteBehavior [ RunTime:0.000000s ]
INFO: [ app_init ] --END-- [ RunTime:0.002000s ]
ERR: 无法加载模块:Uploads

[ 2016-02-17T08:13:54+08:00 ] ::1 /shy/Uploads/2016-02-15/56c18d819a051.jpg
INFO: [ app_init ] --START--
INFO: Run Behavior\BuildLiteBehavior [ RunTime:0.000000s ]
INFO: [ app_init ] --END-- [ RunTime:0.001000s ]
ERR: 无法加载模块:Uploads

[ 2016-02-17T08:13:54+08:00 ] ::1 /shy/Uploads/2016-02-15/56c17d62be62f.jpg
INFO: [ app_init ] --START--
INFO: Run Behavior\BuildLiteBehavior [ RunTime:0.001000s ]
INFO: [ app_init ] --END-- [ RunTime:0.003000s ]
ERR: 无法加载模块:Uploads

[ 2016-02-17T08:13:54+08:00 ] ::1 /shy/Uploads/2016-02-15/56c18ddf67156.jpg
INFO: [ app_init ] --START--
INFO: Run Behavior\BuildLiteBehavior [ RunTime:0.000000s ]
INFO: [ app_init ] --END-- [ RunTime:0.009001s ]
ERR: 无法加载模块:Uploads

[ 2016-02-17T08:13:54+08:00 ] ::1 /shy/Uploads/2016-02-15/56c18dbcf00dc.jpg
INFO: [ app_init ] --START--
INFO: Run Behavior\BuildLiteBehavior [ RunTime:0.000000s ]
INFO: [ app_init ] --END-- [ RunTime:0.002000s ]
ERR: 无法加载模块:Uploads

[ 2016-02-17T08:13:54+08:00 ] ::1 /shy/Uploads/2016-02-15/56c18d76027d9.jpg
INFO: [ app_init ] --START--
INFO: Run Behavior\BuildLiteBehavior [ RunTime:0.000000s ]
INFO: [ app_init ] --END-- [ RunTime:0.006000s ]
ERR: 无法加载模块:Uploads

[ 2016-02-17T08:13:54+08:00 ] ::1 /shy/Uploads/2016-02-15/56c18d973195b.jpg
INFO: [ app_init ] --START--
INFO: Run Behavior\BuildLiteBehavior [ RunTime:0.000000s ]
INFO: [ app_init ] --END-- [ RunTime:0.001000s ]
ERR: 无法加载模块:Uploads

[ 2016-02-17T08:13:54+08:00 ] ::1 /shy/Uploads/2016-02-15/56c18dc842df2.jpg
INFO: [ app_init ] --START--
INFO: Run Behavior\BuildLiteBehavior [ RunTime:0.000000s ]
INFO: [ app_init ] --END-- [ RunTime:0.001000s ]
ERR: 无法加载模块:Uploads

[ 2016-02-17T08:14:55+08:00 ] ::1 /shy/Uploads/2016-02-15/56c18ddf67156.jpg
INFO: [ app_init ] --START--
INFO: Run Behavior\BuildLiteBehavior [ RunTime:0.000000s ]
INFO: [ app_init ] --END-- [ RunTime:0.001000s ]
ERR: 无法加载模块:Uploads

[ 2016-02-17T08:14:55+08:00 ] ::1 /shy/Uploads/2016-02-15/56c18d819a051.jpg
INFO: [ app_init ] --START--
INFO: Run Behavior\BuildLiteBehavior [ RunTime:0.000000s ]
INFO: [ app_init ] --END-- [ RunTime:0.001000s ]
ERR: 无法加载模块:Uploads

[ 2016-02-17T08:14:55+08:00 ] ::1 /shy/Uploads/2016-02-15/56c18d973195b.jpg
INFO: [ app_init ] --START--
INFO: Run Behavior\BuildLiteBehavior [ RunTime:0.000000s ]
INFO: [ app_init ] --END-- [ RunTime:0.001000s ]
ERR: 无法加载模块:Uploads

[ 2016-02-17T08:14:55+08:00 ] ::1 /shy/Uploads/2016-02-15/56c17d62be62f.jpg
INFO: [ app_init ] --START--
INFO: Run Behavior\BuildLiteBehavior [ RunTime:0.000000s ]
INFO: [ app_init ] --END-- [ RunTime:0.009000s ]
ERR: 无法加载模块:Uploads

[ 2016-02-17T08:14:55+08:00 ] ::1 /shy/Uploads/2016-02-15/56c18d8d81c5a.jpg
INFO: [ app_init ] --START--
INFO: Run Behavior\BuildLiteBehavior [ RunTime:0.000000s ]
INFO: [ app_init ] --END-- [ RunTime:0.003000s ]
ERR: 无法加载模块:Uploads

[ 2016-02-17T08:14:55+08:00 ] ::1 /shy/Uploads/2016-02-15/56c18dc842df2.jpg
INFO: [ app_init ] --START--
INFO: Run Behavior\BuildLiteBehavior [ RunTime:0.000000s ]
INFO: [ app_init ] --END-- [ RunTime:0.002000s ]
ERR: 无法加载模块:Uploads

