[ 2016-01-27T21:04:06+08:00 ] ::1 /shy/admin.php/Login
INFO: [ app_init ] --START--
INFO: Run Behavior\BuildLiteBehavior [ RunTime:0.000000s ]
INFO: [ app_init ] --END-- [ RunTime:0.001500s ]
ERR: 无法加载模块:Login

[ 2016-01-27T21:11:28+08:00 ] ::1 /shy/admin.php/assets/css/font-awesome.min.css
INFO: [ app_init ] --START--
INFO: Run Behavior\BuildLiteBehavior [ RunTime:0.000000s ]
INFO: [ app_init ] --END-- [ RunTime:0.002000s ]
ERR: 无法加载模块:Assets

[ 2016-01-27T21:11:28+08:00 ] ::1 /shy/admin.php/assets/css/bootstrap.min.css
INFO: [ app_init ] --START--
INFO: Run Behavior\BuildLiteBehavior [ RunTime:0.000000s ]
INFO: [ app_init ] --END-- [ RunTime:0.003500s ]
ERR: 无法加载模块:Assets

[ 2016-01-27T21:11:28+08:00 ] ::1 /shy/admin.php/assets/css/ace-rtl.min.css
INFO: [ app_init ] --START--
INFO: Run Behavior\BuildLiteBehavior [ RunTime:0.000000s ]
INFO: [ app_init ] --END-- [ RunTime:0.001000s ]
ERR: 无法加载模块:Assets

[ 2016-01-27T21:11:28+08:00 ] ::1 /shy/admin.php/assets/css/ace.min.css
INFO: [ app_init ] --START--
INFO: Run Behavior\BuildLiteBehavior [ RunTime:0.000000s ]
INFO: [ app_init ] --END-- [ RunTime:0.004000s ]
ERR: 无法加载模块:Assets

[ 2016-01-27T21:11:28+08:00 ] ::1 /shy/admin.php/assets/css/ace-skins.min.css
INFO: [ app_init ] --START--
INFO: Run Behavior\BuildLiteBehavior [ RunTime:0.000500s ]
INFO: [ app_init ] --END-- [ RunTime:0.001500s ]
ERR: 无法加载模块:Assets

[ 2016-01-27T21:11:28+08:00 ] ::1 /shy/admin.php/assets/js/ace-extra.min.js
INFO: [ app_init ] --START--
INFO: Run Behavior\BuildLiteBehavior [ RunTime:0.000000s ]
INFO: [ app_init ] --END-- [ RunTime:0.001500s ]
ERR: 无法加载模块:Assets

[ 2016-01-27T21:11:28+08:00 ] ::1 /shy/admin.php/assets/js/jquery.easy-pie-chart.min.js
INFO: [ app_init ] --START--
INFO: Run Behavior\BuildLiteBehavior [ RunTime:0.000000s ]
INFO: [ app_init ] --END-- [ RunTime:0.001500s ]
ERR: 无法加载模块:Assets

[ 2016-01-27T21:11:28+08:00 ] ::1 /shy/admin.php/assets/js/jquery-ui-1.10.3.custom.min.js
INFO: [ app_init ] --START--
INFO: Run Behavior\BuildLiteBehavior [ RunTime:0.000000s ]
INFO: [ app_init ] --END-- [ RunTime:0.002001s ]
ERR: 无法加载模块:Assets

[ 2016-01-27T21:11:28+08:00 ] ::1 /shy/admin.php/assets/js/jquery.sparkline.min.js
INFO: [ app_init ] --START--
INFO: Run Behavior\BuildLiteBehavior [ RunTime:0.000000s ]
INFO: [ app_init ] --END-- [ RunTime:0.001500s ]
ERR: 无法加载模块:Assets

[ 2016-01-27T21:11:28+08:00 ] ::1 /shy/admin.php/assets/js/flot/jquery.flot.min.js
INFO: [ app_init ] --START--
INFO: Run Behavior\BuildLiteBehavior [ RunTime:0.000000s ]
INFO: [ app_init ] --END-- [ RunTime:0.001000s ]
ERR: 无法加载模块:Assets

[ 2016-01-27T21:11:28+08:00 ] ::1 /shy/admin.php/assets/js/flot/jquery.flot.resize.min.js
INFO: [ app_init ] --START--
INFO: Run Behavior\BuildLiteBehavior [ RunTime:0.000000s ]
INFO: [ app_init ] --END-- [ RunTime:0.001000s ]
ERR: 无法加载模块:Assets

[ 2016-01-27T21:11:28+08:00 ] ::1 /shy/admin.php/assets/js/flot/jquery.flot.pie.min.js
INFO: [ app_init ] --START--
INFO: Run Behavior\BuildLiteBehavior [ RunTime:0.000000s ]
INFO: [ app_init ] --END-- [ RunTime:0.001500s ]
ERR: 无法加载模块:Assets

[ 2016-01-27T21:11:28+08:00 ] ::1 /shy/admin.php/assets/js/ace-elements.min.js
INFO: [ app_init ] --START--
INFO: Run Behavior\BuildLiteBehavior [ RunTime:0.000000s ]
INFO: [ app_init ] --END-- [ RunTime:0.001501s ]
ERR: 无法加载模块:Assets

[ 2016-01-27T21:11:28+08:00 ] ::1 /shy/admin.php/assets/js/ace.min.js
INFO: [ app_init ] --START--
INFO: Run Behavior\BuildLiteBehavior [ RunTime:0.000000s ]
INFO: [ app_init ] --END-- [ RunTime:0.001000s ]
ERR: 无法加载模块:Assets

[ 2016-01-27T21:11:28+08:00 ] ::1 /shy/admin.php/assets/avatars/avatar.png
INFO: [ app_init ] --START--
INFO: Run Behavior\BuildLiteBehavior [ RunTime:0.000000s ]
INFO: [ app_init ] --END-- [ RunTime:0.001500s ]
ERR: 无法加载模块:Assets

[ 2016-01-27T21:11:28+08:00 ] ::1 /shy/admin.php/assets/avatars/avatar3.png
INFO: [ app_init ] --START--
INFO: Run Behavior\BuildLiteBehavior [ RunTime:0.000000s ]
INFO: [ app_init ] --END-- [ RunTime:0.001501s ]
ERR: 无法加载模块:Assets

[ 2016-01-27T21:11:28+08:00 ] ::1 /shy/admin.php/assets/js/typeahead-bs2.min.js
INFO: [ app_init ] --START--
INFO: Run Behavior\BuildLiteBehavior [ RunTime:0.000000s ]
INFO: [ app_init ] --END-- [ RunTime:0.002000s ]
ERR: 无法加载模块:Assets

[ 2016-01-27T21:11:29+08:00 ] ::1 /shy/admin.php/assets/avatars/user.jpg
INFO: [ app_init ] --START--
INFO: Run Behavior\BuildLiteBehavior [ RunTime:0.000000s ]
INFO: [ app_init ] --END-- [ RunTime:0.001000s ]
ERR: 无法加载模块:Assets

[ 2016-01-27T21:11:29+08:00 ] ::1 /shy/admin.php/assets/avatars/avatar2.png
INFO: [ app_init ] --START--
INFO: Run Behavior\BuildLiteBehavior [ RunTime:0.000000s ]
INFO: [ app_init ] --END-- [ RunTime:0.001500s ]
ERR: 无法加载模块:Assets

[ 2016-01-27T21:11:29+08:00 ] ::1 /shy/admin.php/assets/avatars/avatar4.png
INFO: [ app_init ] --START--
INFO: Run Behavior\BuildLiteBehavior [ RunTime:0.000000s ]
INFO: [ app_init ] --END-- [ RunTime:0.008501s ]
ERR: 无法加载模块:Assets

[ 2016-01-27T21:11:29+08:00 ] ::1 /shy/admin.php/assets/avatars/avatar5.png
INFO: [ app_init ] --START--
INFO: Run Behavior\BuildLiteBehavior [ RunTime:0.000000s ]
INFO: [ app_init ] --END-- [ RunTime:0.001500s ]
ERR: 无法加载模块:Assets

[ 2016-01-27T21:11:29+08:00 ] ::1 /shy/admin.php/assets/avatars/avatar1.png
INFO: [ app_init ] --START--
INFO: Run Behavior\BuildLiteBehavior [ RunTime:0.000500s ]
INFO: [ app_init ] --END-- [ RunTime:0.002001s ]
ERR: 无法加载模块:Assets

[ 2016-01-27T21:11:29+08:00 ] ::1 /shy/admin.php/assets/js/jquery.slimscroll.min.js
INFO: [ app_init ] --START--
INFO: Run Behavior\BuildLiteBehavior [ RunTime:0.000000s ]
INFO: [ app_init ] --END-- [ RunTime:0.002000s ]
ERR: 无法加载模块:Assets

[ 2016-01-27T21:11:29+08:00 ] ::1 /shy/admin.php/assets/js/bootstrap.min.js
INFO: [ app_init ] --START--
INFO: Run Behavior\BuildLiteBehavior [ RunTime:0.000000s ]
INFO: [ app_init ] --END-- [ RunTime:0.017502s ]
ERR: 无法加载模块:Assets

[ 2016-01-27T21:11:29+08:00 ] ::1 /shy/admin.php/assets/js/jquery.ui.touch-punch.min.js
INFO: [ app_init ] --START--
INFO: Run Behavior\BuildLiteBehavior [ RunTime:0.000000s ]
INFO: [ app_init ] --END-- [ RunTime:0.001500s ]
ERR: 无法加载模块:Assets

[ 2016-01-27T21:11:53+08:00 ] ::1 /shy/admin.php/assets/css/ace.min.css
INFO: [ app_init ] --START--
INFO: Run Behavior\BuildLiteBehavior [ RunTime:0.000000s ]
INFO: [ app_init ] --END-- [ RunTime:0.001500s ]
ERR: 无法加载模块:Assets

[ 2016-01-27T21:11:53+08:00 ] ::1 /shy/admin.php/assets/css/bootstrap.min.css
INFO: [ app_init ] --START--
INFO: Run Behavior\BuildLiteBehavior [ RunTime:0.000000s ]
INFO: [ app_init ] --END-- [ RunTime:0.001000s ]
ERR: 无法加载模块:Assets

[ 2016-01-27T21:11:53+08:00 ] ::1 /shy/admin.php/assets/css/ace-rtl.min.css
INFO: [ app_init ] --START--
INFO: Run Behavior\BuildLiteBehavior [ RunTime:0.000000s ]
INFO: [ app_init ] --END-- [ RunTime:0.001500s ]
ERR: 无法加载模块:Assets

[ 2016-01-27T21:11:53+08:00 ] ::1 /shy/admin.php/assets/css/ace-skins.min.css
INFO: [ app_init ] --START--
INFO: Run Behavior\BuildLiteBehavior [ RunTime:0.000500s ]
INFO: [ app_init ] --END-- [ RunTime:0.001500s ]
ERR: 无法加载模块:Assets

[ 2016-01-27T21:11:53+08:00 ] ::1 /shy/admin.php/assets/avatars/avatar.png
INFO: [ app_init ] --START--
INFO: Run Behavior\BuildLiteBehavior [ RunTime:0.000000s ]
INFO: [ app_init ] --END-- [ RunTime:0.001000s ]
ERR: 无法加载模块:Assets

[ 2016-01-27T21:11:53+08:00 ] ::1 /shy/admin.php/assets/js/ace-extra.min.js
INFO: [ app_init ] --START--
INFO: Run Behavior\BuildLiteBehavior [ RunTime:0.000000s ]
INFO: [ app_init ] --END-- [ RunTime:0.001500s ]
ERR: 无法加载模块:Assets

[ 2016-01-27T21:11:53+08:00 ] ::1 /shy/admin.php/assets/js/typeahead-bs2.min.js
INFO: [ app_init ] --START--
INFO: Run Behavior\BuildLiteBehavior [ RunTime:0.000000s ]
INFO: [ app_init ] --END-- [ RunTime:0.002500s ]
ERR: 无法加载模块:Assets

[ 2016-01-27T21:11:53+08:00 ] ::1 /shy/admin.php/assets/js/jquery.slimscroll.min.js
INFO: [ app_init ] --START--
INFO: Run Behavior\BuildLiteBehavior [ RunTime:0.000000s ]
INFO: [ app_init ] --END-- [ RunTime:0.001500s ]
ERR: 无法加载模块:Assets

[ 2016-01-27T21:11:53+08:00 ] ::1 /shy/admin.php/assets/js/bootstrap.min.js
INFO: [ app_init ] --START--
INFO: Run Behavior\BuildLiteBehavior [ RunTime:0.000000s ]
INFO: [ app_init ] --END-- [ RunTime:0.007001s ]
ERR: 无法加载模块:Assets

[ 2016-01-27T21:11:53+08:00 ] ::1 /shy/admin.php/assets/avatars/avatar3.png
INFO: [ app_init ] --START--
INFO: Run Behavior\BuildLiteBehavior [ RunTime:0.000000s ]
INFO: [ app_init ] --END-- [ RunTime:0.001500s ]
ERR: 无法加载模块:Assets

[ 2016-01-27T21:11:54+08:00 ] ::1 /shy/admin.php/assets/js/jquery.ui.touch-punch.min.js
INFO: [ app_init ] --START--
INFO: Run Behavior\BuildLiteBehavior [ RunTime:0.000000s ]
INFO: [ app_init ] --END-- [ RunTime:0.001500s ]
ERR: 无法加载模块:Assets

[ 2016-01-27T21:11:54+08:00 ] ::1 /shy/admin.php/assets/js/jquery-ui-1.10.3.custom.min.js
INFO: [ app_init ] --START--
INFO: Run Behavior\BuildLiteBehavior [ RunTime:0.000000s ]
INFO: [ app_init ] --END-- [ RunTime:0.001500s ]
ERR: 无法加载模块:Assets

[ 2016-01-27T21:11:54+08:00 ] ::1 /shy/admin.php/assets/js/flot/jquery.flot.resize.min.js
INFO: [ app_init ] --START--
INFO: Run Behavior\BuildLiteBehavior [ RunTime:0.000000s ]
INFO: [ app_init ] --END-- [ RunTime:0.001000s ]
ERR: 无法加载模块:Assets

[ 2016-01-27T21:11:54+08:00 ] ::1 /shy/admin.php/assets/js/jquery.sparkline.min.js
INFO: [ app_init ] --START--
INFO: Run Behavior\BuildLiteBehavior [ RunTime:0.000000s ]
INFO: [ app_init ] --END-- [ RunTime:0.001500s ]
ERR: 无法加载模块:Assets

[ 2016-01-27T21:11:54+08:00 ] ::1 /shy/admin.php/assets/js/ace-elements.min.js
INFO: [ app_init ] --START--
INFO: Run Behavior\BuildLiteBehavior [ RunTime:0.000000s ]
INFO: [ app_init ] --END-- [ RunTime:0.001000s ]
ERR: 无法加载模块:Assets

[ 2016-01-27T21:11:54+08:00 ] ::1 /shy/admin.php/assets/js/flot/jquery.flot.pie.min.js
INFO: [ app_init ] --START--
INFO: Run Behavior\BuildLiteBehavior [ RunTime:0.000000s ]
INFO: [ app_init ] --END-- [ RunTime:0.004000s ]
ERR: 无法加载模块:Assets

[ 2016-01-27T21:11:54+08:00 ] ::1 /shy/admin.php/assets/js/flot/jquery.flot.min.js
INFO: [ app_init ] --START--
INFO: Run Behavior\BuildLiteBehavior [ RunTime:0.000000s ]
INFO: [ app_init ] --END-- [ RunTime:0.004001s ]
ERR: 无法加载模块:Assets

[ 2016-01-27T21:11:54+08:00 ] ::1 /shy/admin.php/assets/avatars/avatar4.png
INFO: [ app_init ] --START--
INFO: Run Behavior\BuildLiteBehavior [ RunTime:0.000500s ]
INFO: [ app_init ] --END-- [ RunTime:0.001500s ]
ERR: 无法加载模块:Assets

[ 2016-01-27T21:11:54+08:00 ] ::1 /shy/admin.php/assets/js/ace.min.js
INFO: [ app_init ] --START--
INFO: Run Behavior\BuildLiteBehavior [ RunTime:0.000000s ]
INFO: [ app_init ] --END-- [ RunTime:0.001500s ]
ERR: 无法加载模块:Assets

[ 2016-01-27T21:11:54+08:00 ] ::1 /shy/admin.php/assets/css/font-awesome.min.css
INFO: [ app_init ] --START--
INFO: Run Behavior\BuildLiteBehavior [ RunTime:0.000000s ]
INFO: [ app_init ] --END-- [ RunTime:0.195025s ]
ERR: 无法加载模块:Assets

[ 2016-01-27T21:11:54+08:00 ] ::1 /shy/admin.php/assets/avatars/user.jpg
INFO: [ app_init ] --START--
INFO: Run Behavior\BuildLiteBehavior [ RunTime:0.000000s ]
INFO: [ app_init ] --END-- [ RunTime:0.001500s ]
ERR: 无法加载模块:Assets

[ 2016-01-27T21:11:54+08:00 ] ::1 /shy/admin.php/assets/avatars/avatar2.png
INFO: [ app_init ] --START--
INFO: Run Behavior\BuildLiteBehavior [ RunTime:0.000000s ]
INFO: [ app_init ] --END-- [ RunTime:0.001500s ]
ERR: 无法加载模块:Assets

[ 2016-01-27T21:11:54+08:00 ] ::1 /shy/admin.php/assets/avatars/avatar1.png
INFO: [ app_init ] --START--
INFO: Run Behavior\BuildLiteBehavior [ RunTime:0.000000s ]
INFO: [ app_init ] --END-- [ RunTime:0.001500s ]
ERR: 无法加载模块:Assets

[ 2016-01-27T21:11:54+08:00 ] ::1 /shy/admin.php/assets/avatars/avatar.png
INFO: [ app_init ] --START--
INFO: Run Behavior\BuildLiteBehavior [ RunTime:0.000000s ]
INFO: [ app_init ] --END-- [ RunTime:0.001000s ]
ERR: 无法加载模块:Assets

[ 2016-01-27T21:11:54+08:00 ] ::1 /shy/admin.php/assets/avatars/avatar3.png
INFO: [ app_init ] --START--
INFO: Run Behavior\BuildLiteBehavior [ RunTime:0.000000s ]
INFO: [ app_init ] --END-- [ RunTime:0.001000s ]
ERR: 无法加载模块:Assets

[ 2016-01-27T21:11:54+08:00 ] ::1 /shy/admin.php/assets/avatars/avatar4.png
INFO: [ app_init ] --START--
INFO: Run Behavior\BuildLiteBehavior [ RunTime:0.000000s ]
INFO: [ app_init ] --END-- [ RunTime:0.004501s ]
ERR: 无法加载模块:Assets

[ 2016-01-27T21:11:54+08:00 ] ::1 /shy/admin.php/assets/avatars/avatar5.png
INFO: [ app_init ] --START--
INFO: Run Behavior\BuildLiteBehavior [ RunTime:0.000000s ]
INFO: [ app_init ] --END-- [ RunTime:0.001500s ]
ERR: 无法加载模块:Assets

[ 2016-01-27T21:11:54+08:00 ] ::1 /shy/admin.php/assets/js/jquery.easy-pie-chart.min.js
INFO: [ app_init ] --START--
INFO: Run Behavior\BuildLiteBehavior [ RunTime:0.000500s ]
INFO: [ app_init ] --END-- [ RunTime:0.001500s ]
ERR: 无法加载模块:Assets

[ 2016-01-27T21:11:54+08:00 ] ::1 /shy/admin.php/assets/avatars/avatar3.png
INFO: [ app_init ] --START--
INFO: Run Behavior\BuildLiteBehavior [ RunTime:0.000000s ]
INFO: [ app_init ] --END-- [ RunTime:0.001500s ]
ERR: 无法加载模块:Assets

[ 2016-01-27T21:11:54+08:00 ] ::1 /shy/admin.php/assets/avatars/avatar.png
INFO: [ app_init ] --START--
INFO: Run Behavior\BuildLiteBehavior [ RunTime:0.000000s ]
INFO: [ app_init ] --END-- [ RunTime:0.001000s ]
ERR: 无法加载模块:Assets

[ 2016-01-27T21:11:54+08:00 ] ::1 /shy/admin.php/assets/avatars/avatar4.png
INFO: [ app_init ] --START--
INFO: Run Behavior\BuildLiteBehavior [ RunTime:0.000000s ]
INFO: [ app_init ] --END-- [ RunTime:0.002000s ]
ERR: 无法加载模块:Assets

[ 2016-01-27T21:11:54+08:00 ] ::1 /shy/admin.php/assets/avatars/avatar5.png
INFO: [ app_init ] --START--
INFO: Run Behavior\BuildLiteBehavior [ RunTime:0.000000s ]
INFO: [ app_init ] --END-- [ RunTime:0.003000s ]
ERR: 无法加载模块:Assets

[ 2016-01-27T21:11:55+08:00 ] ::1 /shy/admin.php/assets/avatars/avatar1.png
INFO: [ app_init ] --START--
INFO: Run Behavior\BuildLiteBehavior [ RunTime:0.000000s ]
INFO: [ app_init ] --END-- [ RunTime:0.001501s ]
ERR: 无法加载模块:Assets

[ 2016-01-27T21:11:55+08:00 ] ::1 /shy/admin.php/assets/avatars/user.jpg
INFO: [ app_init ] --START--
INFO: Run Behavior\BuildLiteBehavior [ RunTime:0.000000s ]
INFO: [ app_init ] --END-- [ RunTime:0.001500s ]
ERR: 无法加载模块:Assets

[ 2016-01-27T21:11:55+08:00 ] ::1 /shy/admin.php/assets/avatars/avatar2.png
INFO: [ app_init ] --START--
INFO: Run Behavior\BuildLiteBehavior [ RunTime:0.000000s ]
INFO: [ app_init ] --END-- [ RunTime:0.001500s ]
ERR: 无法加载模块:Assets

[ 2016-01-27T21:12:15+08:00 ] ::1 /shy/admin.php/assets/js/jquery-2.0.3.min.js
INFO: [ app_init ] --START--
INFO: Run Behavior\BuildLiteBehavior [ RunTime:0.000000s ]
INFO: [ app_init ] --END-- [ RunTime:0.001500s ]
ERR: 无法加载模块:Assets

[ 2016-01-27T21:13:47+08:00 ] ::1 /shy/admin.php/assets/css/bootstrap.min.css
INFO: [ app_init ] --START--
INFO: Run Behavior\BuildLiteBehavior [ RunTime:0.000000s ]
INFO: [ app_init ] --END-- [ RunTime:0.003501s ]
ERR: 无法加载模块:Assets

[ 2016-01-27T21:13:47+08:00 ] ::1 /shy/admin.php/assets/css/ace.min.css
INFO: [ app_init ] --START--
INFO: Run Behavior\BuildLiteBehavior [ RunTime:0.000000s ]
INFO: [ app_init ] --END-- [ RunTime:0.001500s ]
ERR: 无法加载模块:Assets

[ 2016-01-27T21:13:47+08:00 ] ::1 /shy/admin.php/assets/css/ace-rtl.min.css
INFO: [ app_init ] --START--
INFO: Run Behavior\BuildLiteBehavior [ RunTime:0.000000s ]
INFO: [ app_init ] --END-- [ RunTime:0.001500s ]
ERR: 无法加载模块:Assets

[ 2016-01-27T21:13:47+08:00 ] ::1 /shy/admin.php/assets/css/font-awesome.min.css
INFO: [ app_init ] --START--
INFO: Run Behavior\BuildLiteBehavior [ RunTime:0.000000s ]
INFO: [ app_init ] --END-- [ RunTime:0.001500s ]
ERR: 无法加载模块:Assets

[ 2016-01-27T21:13:48+08:00 ] ::1 /shy/admin.php/assets/css/ace-skins.min.css
INFO: [ app_init ] --START--
INFO: Run Behavior\BuildLiteBehavior [ RunTime:0.000000s ]
INFO: [ app_init ] --END-- [ RunTime:0.001500s ]
ERR: 无法加载模块:Assets

[ 2016-01-27T21:13:48+08:00 ] ::1 /shy/admin.php/assets/js/ace-extra.min.js
INFO: [ app_init ] --START--
INFO: Run Behavior\BuildLiteBehavior [ RunTime:0.000000s ]
INFO: [ app_init ] --END-- [ RunTime:0.001501s ]
ERR: 无法加载模块:Assets

[ 2016-01-27T21:13:48+08:00 ] ::1 /shy/admin.php/assets/avatars/avatar.png
INFO: [ app_init ] --START--
INFO: Run Behavior\BuildLiteBehavior [ RunTime:0.000000s ]
INFO: [ app_init ] --END-- [ RunTime:0.001500s ]
ERR: 无法加载模块:Assets

[ 2016-01-27T21:13:48+08:00 ] ::1 /shy/admin.php/assets/js/bootstrap.min.js
INFO: [ app_init ] --START--
INFO: Run Behavior\BuildLiteBehavior [ RunTime:0.000000s ]
INFO: [ app_init ] --END-- [ RunTime:0.001500s ]
ERR: 无法加载模块:Assets

[ 2016-01-27T21:13:48+08:00 ] ::1 /shy/admin.php/assets/js/jquery-ui-1.10.3.custom.min.js
INFO: [ app_init ] --START--
INFO: Run Behavior\BuildLiteBehavior [ RunTime:0.000000s ]
INFO: [ app_init ] --END-- [ RunTime:0.001000s ]
ERR: 无法加载模块:Assets

[ 2016-01-27T21:13:48+08:00 ] ::1 /shy/admin.php/assets/js/jquery.ui.touch-punch.min.js
INFO: [ app_init ] --START--
INFO: Run Behavior\BuildLiteBehavior [ RunTime:0.000000s ]
INFO: [ app_init ] --END-- [ RunTime:0.001000s ]
ERR: 无法加载模块:Assets

[ 2016-01-27T21:13:48+08:00 ] ::1 /shy/admin.php/assets/js/typeahead-bs2.min.js
INFO: [ app_init ] --START--
INFO: Run Behavior\BuildLiteBehavior [ RunTime:0.000000s ]
INFO: [ app_init ] --END-- [ RunTime:0.001000s ]
ERR: 无法加载模块:Assets

[ 2016-01-27T21:13:48+08:00 ] ::1 /shy/admin.php/assets/js/jquery.sparkline.min.js
INFO: [ app_init ] --START--
INFO: Run Behavior\BuildLiteBehavior [ RunTime:0.000000s ]
INFO: [ app_init ] --END-- [ RunTime:0.001500s ]
ERR: 无法加载模块:Assets

[ 2016-01-27T21:13:48+08:00 ] ::1 /shy/admin.php/assets/js/jquery.easy-pie-chart.min.js
INFO: [ app_init ] --START--
INFO: Run Behavior\BuildLiteBehavior [ RunTime:0.000000s ]
INFO: [ app_init ] --END-- [ RunTime:0.001500s ]
ERR: 无法加载模块:Assets

[ 2016-01-27T21:13:48+08:00 ] ::1 /shy/admin.php/assets/js/flot/jquery.flot.pie.min.js
INFO: [ app_init ] --START--
INFO: Run Behavior\BuildLiteBehavior [ RunTime:0.000000s ]
INFO: [ app_init ] --END-- [ RunTime:0.001000s ]
ERR: 无法加载模块:Assets

[ 2016-01-27T21:13:48+08:00 ] ::1 /shy/admin.php/assets/js/flot/jquery.flot.min.js
INFO: [ app_init ] --START--
INFO: Run Behavior\BuildLiteBehavior [ RunTime:0.000000s ]
INFO: [ app_init ] --END-- [ RunTime:0.001000s ]
ERR: 无法加载模块:Assets

[ 2016-01-27T21:13:48+08:00 ] ::1 /shy/admin.php/assets/js/flot/jquery.flot.resize.min.js
INFO: [ app_init ] --START--
INFO: Run Behavior\BuildLiteBehavior [ RunTime:0.000000s ]
INFO: [ app_init ] --END-- [ RunTime:0.014002s ]
ERR: 无法加载模块:Assets

[ 2016-01-27T21:13:48+08:00 ] ::1 /shy/admin.php/assets/js/ace-elements.min.js
INFO: [ app_init ] --START--
INFO: Run Behavior\BuildLiteBehavior [ RunTime:0.000000s ]
INFO: [ app_init ] --END-- [ RunTime:0.004500s ]
ERR: 无法加载模块:Assets

[ 2016-01-27T21:13:48+08:00 ] ::1 /shy/admin.php/assets/js/ace.min.js
INFO: [ app_init ] --START--
INFO: Run Behavior\BuildLiteBehavior [ RunTime:0.000000s ]
INFO: [ app_init ] --END-- [ RunTime:0.001501s ]
ERR: 无法加载模块:Assets

[ 2016-01-27T21:13:48+08:00 ] ::1 /shy/admin.php/assets/avatars/avatar3.png
INFO: [ app_init ] --START--
INFO: Run Behavior\BuildLiteBehavior [ RunTime:0.000000s ]
INFO: [ app_init ] --END-- [ RunTime:0.004501s ]
ERR: 无法加载模块:Assets

[ 2016-01-27T21:13:48+08:00 ] ::1 /shy/admin.php/assets/avatars/avatar4.png
INFO: [ app_init ] --START--
INFO: Run Behavior\BuildLiteBehavior [ RunTime:0.000000s ]
INFO: [ app_init ] --END-- [ RunTime:0.001000s ]
ERR: 无法加载模块:Assets

[ 2016-01-27T21:13:48+08:00 ] ::1 /shy/admin.php/assets/avatars/user.jpg
INFO: [ app_init ] --START--
INFO: Run Behavior\BuildLiteBehavior [ RunTime:0.000000s ]
INFO: [ app_init ] --END-- [ RunTime:0.002500s ]
ERR: 无法加载模块:Assets

[ 2016-01-27T21:13:48+08:00 ] ::1 /shy/admin.php/assets/avatars/avatar2.png
INFO: [ app_init ] --START--
INFO: Run Behavior\BuildLiteBehavior [ RunTime:0.000500s ]
INFO: [ app_init ] --END-- [ RunTime:0.001500s ]
ERR: 无法加载模块:Assets

[ 2016-01-27T21:13:48+08:00 ] ::1 /shy/admin.php/assets/avatars/avatar5.png
INFO: [ app_init ] --START--
INFO: Run Behavior\BuildLiteBehavior [ RunTime:0.000000s ]
INFO: [ app_init ] --END-- [ RunTime:0.001000s ]
ERR: 无法加载模块:Assets

[ 2016-01-27T21:13:48+08:00 ] ::1 /shy/admin.php/assets/avatars/avatar1.png
INFO: [ app_init ] --START--
INFO: Run Behavior\BuildLiteBehavior [ RunTime:0.000000s ]
INFO: [ app_init ] --END-- [ RunTime:0.001000s ]
ERR: 无法加载模块:Assets

[ 2016-01-27T21:13:48+08:00 ] ::1 /shy/admin.php/assets/js/jquery.slimscroll.min.js
INFO: [ app_init ] --START--
INFO: Run Behavior\BuildLiteBehavior [ RunTime:0.000000s ]
INFO: [ app_init ] --END-- [ RunTime:0.001000s ]
ERR: 无法加载模块:Assets

[ 2016-01-27T21:13:54+08:00 ] ::1 /shy/admin.php/assets/avatars/user.jpg
INFO: [ app_init ] --START--
INFO: Run Behavior\BuildLiteBehavior [ RunTime:0.000000s ]
INFO: [ app_init ] --END-- [ RunTime:0.001500s ]
ERR: 无法加载模块:Assets

[ 2016-01-27T21:13:54+08:00 ] ::1 /shy/admin.php/assets/avatars/avatar3.png
INFO: [ app_init ] --START--
INFO: Run Behavior\BuildLiteBehavior [ RunTime:0.000000s ]
INFO: [ app_init ] --END-- [ RunTime:0.001000s ]
ERR: 无法加载模块:Assets

[ 2016-01-27T21:13:54+08:00 ] ::1 /shy/admin.php/assets/avatars/avatar5.png
INFO: [ app_init ] --START--
INFO: Run Behavior\BuildLiteBehavior [ RunTime:0.000000s ]
INFO: [ app_init ] --END-- [ RunTime:0.001001s ]
ERR: 无法加载模块:Assets

[ 2016-01-27T21:13:54+08:00 ] ::1 /shy/admin.php/assets/avatars/avatar1.png
INFO: [ app_init ] --START--
INFO: Run Behavior\BuildLiteBehavior [ RunTime:0.000000s ]
INFO: [ app_init ] --END-- [ RunTime:0.002000s ]
ERR: 无法加载模块:Assets

[ 2016-01-27T21:13:54+08:00 ] ::1 /shy/admin.php/assets/avatars/avatar.png
INFO: [ app_init ] --START--
INFO: Run Behavior\BuildLiteBehavior [ RunTime:0.000000s ]
INFO: [ app_init ] --END-- [ RunTime:0.001500s ]
ERR: 无法加载模块:Assets

[ 2016-01-27T21:13:54+08:00 ] ::1 /shy/admin.php/assets/avatars/avatar4.png
INFO: [ app_init ] --START--
INFO: Run Behavior\BuildLiteBehavior [ RunTime:0.000000s ]
INFO: [ app_init ] --END-- [ RunTime:0.001500s ]
ERR: 无法加载模块:Assets

[ 2016-01-27T21:13:54+08:00 ] ::1 /shy/admin.php/assets/avatars/avatar2.png
INFO: [ app_init ] --START--
INFO: Run Behavior\BuildLiteBehavior [ RunTime:0.000000s ]
INFO: [ app_init ] --END-- [ RunTime:0.001500s ]
ERR: 无法加载模块:Assets

[ 2016-01-27T21:14:08+08:00 ] ::1 /shy/admin.php/assets/js/jquery-2.0.3.min.js
INFO: [ app_init ] --START--
INFO: Run Behavior\BuildLiteBehavior [ RunTime:0.000000s ]
INFO: [ app_init ] --END-- [ RunTime:0.001000s ]
ERR: 无法加载模块:Assets

[ 2016-01-27T21:14:59+08:00 ] ::1 /shy/admin.php/assets/avatars/avatar4.png
INFO: [ app_init ] --START--
INFO: Run Behavior\BuildLiteBehavior [ RunTime:0.000000s ]
INFO: [ app_init ] --END-- [ RunTime:0.002000s ]
ERR: 无法加载模块:Assets

[ 2016-01-27T21:14:59+08:00 ] ::1 /shy/admin.php/assets/avatars/user.jpg
INFO: [ app_init ] --START--
INFO: Run Behavior\BuildLiteBehavior [ RunTime:0.000000s ]
INFO: [ app_init ] --END-- [ RunTime:0.001500s ]
ERR: 无法加载模块:Assets

[ 2016-01-27T21:14:59+08:00 ] ::1 /shy/admin.php/assets/avatars/avatar1.png
INFO: [ app_init ] --START--
INFO: Run Behavior\BuildLiteBehavior [ RunTime:0.000000s ]
INFO: [ app_init ] --END-- [ RunTime:0.001500s ]
ERR: 无法加载模块:Assets

[ 2016-01-27T21:14:59+08:00 ] ::1 /shy/admin.php/assets/avatars/avatar5.png
INFO: [ app_init ] --START--
INFO: Run Behavior\BuildLiteBehavior [ RunTime:0.000000s ]
INFO: [ app_init ] --END-- [ RunTime:0.001501s ]
ERR: 无法加载模块:Assets

[ 2016-01-27T21:14:59+08:00 ] ::1 /shy/admin.php/assets/avatars/avatar2.png
INFO: [ app_init ] --START--
INFO: Run Behavior\BuildLiteBehavior [ RunTime:0.000000s ]
INFO: [ app_init ] --END-- [ RunTime:0.001501s ]
ERR: 无法加载模块:Assets

[ 2016-01-27T21:14:59+08:00 ] ::1 /shy/admin.php/assets/avatars/avatar3.png
INFO: [ app_init ] --START--
INFO: Run Behavior\BuildLiteBehavior [ RunTime:0.000000s ]
INFO: [ app_init ] --END-- [ RunTime:0.001000s ]
ERR: 无法加载模块:Assets

[ 2016-01-27T21:14:59+08:00 ] ::1 /shy/admin.php/assets/avatars/avatar.png
INFO: [ app_init ] --START--
INFO: Run Behavior\BuildLiteBehavior [ RunTime:0.000000s ]
INFO: [ app_init ] --END-- [ RunTime:0.001000s ]
ERR: 无法加载模块:Assets

[ 2016-01-27T21:15:20+08:00 ] ::1 /shy/admin.php/assets/js/jquery-2.0.3.min.js
INFO: [ app_init ] --START--
INFO: Run Behavior\BuildLiteBehavior [ RunTime:0.000000s ]
INFO: [ app_init ] --END-- [ RunTime:0.001000s ]
ERR: 无法加载模块:Assets

